20140701 105222.143 [07396] CLI Starting up; pid 7396
20140701 105222.143 [07396] CLI Sauce Connect 4.1, build 905 bd71d37
20140701 105222.143 [07396] CLI Command line arguments: C:\Users\keo\Desktop\ng-airline\node_modules\karma-sauce-launcher\node_modules\sauce-connect-launcher\sc\sc-4.1-win32\bin\sc -u ziaxdk@gmail.com -k **** --tunnel-identifier karma1404204736 --readyfile C:\Users\keo\AppData\Local\Temp\sc-launcher-readyfile
20140701 105224.007 [07396] CLI GET https://saucelabs.com/rest/v1/ziaxdk@gmail.com/tunnels?full=1 failed, response code: 401.
20140701 105224.009 [07396] CLI GET https://saucelabs.com/rest/v1/ziaxdk@gmail.com/tunnels?full=1: HTTP response code indicated failure.
20140701 105224.010 [07396] CLI response: {"error": "Not authorized"}\.
20140701 105224.010 [07396] CLI failed to remove matching tunnels.
20140701 105224.880 [07396] CLI GET https://saucelabs.com/rest/v1/ziaxdk@gmail.com/tunnels?full=1 failed, response code: 401.
20140701 105224.881 [07396] CLI GET https://saucelabs.com/rest/v1/ziaxdk@gmail.com/tunnels?full=1: HTTP response code indicated failure.
20140701 105224.882 [07396] CLI response: {"error": "Not authorized"}\.
20140701 105319.305 [03768] CLI Starting up; pid 3768
20140701 105319.305 [03768] CLI Sauce Connect 4.1, build 905 bd71d37
20140701 105319.305 [03768] CLI Command line arguments: C:\Users\keo\Desktop\ng-airline\node_modules\karma-sauce-launcher\node_modules\sauce-connect-launcher\sc\sc-4.1-win32\bin\sc -u ziaxdk@gmail.com -k **** --tunnel-identifier karma1404204785 --readyfile C:\Users\keo\AppData\Local\Temp\sc-launcher-readyfile
20140701 105320.174 [03768] CLI GET https://saucelabs.com/rest/v1/ziaxdk@gmail.com/tunnels?full=1 failed, response code: 401.
20140701 105320.175 [03768] CLI GET https://saucelabs.com/rest/v1/ziaxdk@gmail.com/tunnels?full=1: HTTP response code indicated failure.
20140701 105320.175 [03768] CLI response: {"error": "Not authorized"}\.
20140701 105320.175 [03768] CLI failed to remove matching tunnels.
20140701 105321.021 [03768] CLI GET https://saucelabs.com/rest/v1/ziaxdk@gmail.com/tunnels?full=1 failed, response code: 401.
20140701 105321.024 [03768] CLI GET https://saucelabs.com/rest/v1/ziaxdk@gmail.com/tunnels?full=1: HTTP response code indicated failure.
20140701 105321.024 [03768] CLI response: {"error": "Not authorized"}\.
20140701 110143.265 [06080] CLI Starting up; pid 6080
20140701 110143.265 [06080] CLI Sauce Connect 4.1, build 905 bd71d37
20140701 110143.265 [06080] CLI Command line arguments: C:\Users\keo\Desktop\ng-airline\node_modules\karma-sauce-launcher\node_modules\sauce-connect-launcher\sc\sc-4.1-win32\bin\sc -u undefined -k **** --tunnel-identifier karma1404205286 --readyfile C:\Users\keo\AppData\Local\Temp\sc-launcher-readyfile
20140701 110144.122 [06080] CLI GET https://saucelabs.com/rest/v1/undefined/tunnels?full=1 failed, response code: 401.
20140701 110144.124 [06080] CLI GET https://saucelabs.com/rest/v1/undefined/tunnels?full=1: HTTP response code indicated failure.
20140701 110144.125 [06080] CLI response: {"error": "Not authorized"}\.
20140701 110144.125 [06080] CLI failed to remove matching tunnels.
20140701 110144.980 [06080] CLI GET https://saucelabs.com/rest/v1/undefined/tunnels?full=1 failed, response code: 401.
20140701 110144.982 [06080] CLI GET https://saucelabs.com/rest/v1/undefined/tunnels?full=1: HTTP response code indicated failure.
20140701 110144.982 [06080] CLI response: {"error": "Not authorized"}\.
20140701 110216.416 [07732] CLI Starting up; pid 7732
20140701 110216.416 [07732] CLI Sauce Connect 4.1, build 905 bd71d37
20140701 110216.416 [07732] CLI Command line arguments: C:\Users\keo\Desktop\ng-airline\node_modules\karma-sauce-launcher\node_modules\sauce-connect-launcher\sc\sc-4.1-win32\bin\sc -u undefined -k **** --tunnel-identifier karma1404205327 --readyfile C:\Users\keo\AppData\Local\Temp\sc-launcher-readyfile
20140701 110219.106 [07732] CLI GET https://saucelabs.com/rest/v1/undefined/tunnels?full=1 failed, response code: 401.
20140701 110219.109 [07732] CLI GET https://saucelabs.com/rest/v1/undefined/tunnels?full=1: HTTP response code indicated failure.
20140701 110219.109 [07732] CLI response: {"error": "Not authorized"}\.
20140701 110219.110 [07732] CLI failed to remove matching tunnels.
20140701 110219.982 [07732] CLI GET https://saucelabs.com/rest/v1/undefined/tunnels?full=1 failed, response code: 401.
20140701 110219.984 [07732] CLI GET https://saucelabs.com/rest/v1/undefined/tunnels?full=1: HTTP response code indicated failure.
20140701 110219.985 [07732] CLI response: {"error": "Not authorized"}\.
20140701 110249.932 [07704] CLI Starting up; pid 7704
20140701 110249.932 [07704] CLI Sauce Connect 4.1, build 905 bd71d37
20140701 110249.932 [07704] CLI Command line arguments: C:\Users\keo\Desktop\ng-airline\node_modules\karma-sauce-launcher\node_modules\sauce-connect-launcher\sc\sc-4.1-win32\bin\sc -u ziaxdk@gmail.com -k **** --tunnel-identifier karma1404205363 --readyfile C:\Users\keo\AppData\Local\Temp\sc-launcher-readyfile
20140701 110251.623 [07704] CLI GET https://saucelabs.com/rest/v1/ziaxdk@gmail.com/tunnels?full=1 failed, response code: 401.
20140701 110251.626 [07704] CLI GET https://saucelabs.com/rest/v1/ziaxdk@gmail.com/tunnels?full=1: HTTP response code indicated failure.
20140701 110251.626 [07704] CLI response: {"error": "Not authorized"}\.
20140701 110251.627 [07704] CLI failed to remove matching tunnels.
20140701 110252.532 [07704] CLI GET https://saucelabs.com/rest/v1/ziaxdk@gmail.com/tunnels?full=1 failed, response code: 401.
20140701 110252.534 [07704] CLI GET https://saucelabs.com/rest/v1/ziaxdk@gmail.com/tunnels?full=1: HTTP response code indicated failure.
20140701 110252.534 [07704] CLI response: {"error": "Not authorized"}\.
20140701 110327.118 [03452] CLI Starting up; pid 3452
20140701 110327.118 [03452] CLI Sauce Connect 4.1, build 905 bd71d37
20140701 110327.118 [03452] CLI Command line arguments: C:\Users\keo\Desktop\ng-airline\node_modules\karma-sauce-launcher\node_modules\sauce-connect-launcher\sc\sc-4.1-win32\bin\sc -u ziaxdk -k **** --tunnel-identifier karma1404205400 --readyfile C:\Users\keo\AppData\Local\Temp\sc-launcher-readyfile
20140701 110704.485 [07568] CLI Starting up; pid 7568
20140701 110704.485 [07568] CLI Sauce Connect 4.1, build 905 bd71d37
20140701 110704.485 [07568] CLI Command line arguments: C:\Users\keo\Desktop\ng-airline\node_modules\karma-sauce-launcher\node_modules\sauce-connect-launcher\sc\sc-4.1-win32\bin\sc -u ziaxdk -k **** --tunnel-identifier karma1404205617 --readyfile C:\Users\keo\AppData\Local\Temp\sc-launcher-readyfile
20140701 111233.493 [07772] CLI Starting up; pid 7772
20140701 111233.493 [07772] CLI Sauce Connect 4.1, build 905 bd71d37
20140701 111233.493 [07772] CLI Command line arguments: C:\Users\keo\Desktop\ng-airline\node_modules\karma-sauce-launcher\node_modules\sauce-connect-launcher\sc\sc-4.1-win32\bin\sc -u ziaxdk -k **** --tunnel-identifier karma1404205934 --readyfile C:\Users\keo\AppData\Local\Temp\sc-launcher-readyfile
20140701 111341.588 [07772] CLI performing GET https://saucelabs.com/rest/v1/ziaxdk/tunnels/8aed7161e81f4088b3cb4584a50a1eac failed: Couldn't connect to server.
20140701 111406.737 [07772] CLI performing POST https://saucelabs.com/rest/v1/ziaxdk/tunnels/8aed7161e81f4088b3cb4584a50a1eac/connected failed: Couldn't connect to server.
20140701 111429.516 [07772] CLI performing GET https://saucelabs.com/rest/v1/ziaxdk/tunnels/8aed7161e81f4088b3cb4584a50a1eac failed: Couldn't connect to server.
20140701 111457.283 [07772] CLI performing GET https://saucelabs.com/rest/v1/ziaxdk/tunnels/8aed7161e81f4088b3cb4584a50a1eac failed: Couldn't connect to server.
20140701 111518.990 [07772] CLI performing POST https://saucelabs.com/rest/v1/ziaxdk/tunnels/8aed7161e81f4088b3cb4584a50a1eac/connected failed: Couldn't connect to server.
